<?xml version="1.0" encoding="UTF-8"?>
<!-- Generated by org.testng.reporters.JUnitReportReporter -->
<testsuite hostname="Anees" failures="0" tests="2" name="tests.SignInTest" time="30.195" errors="0" timestamp="2023-12-20T16:17:27 IST" skipped="1">
  <testcase classname="tests.SignInTest" name="Verify_MakelifetimeOfMemories_Section" time="30.195"/>
  <system-out/>
  <testcase classname="tests.SignInTest" name="Verify_About_landingPage">
    <skipped/>
  </testcase> <!-- Verify_About_landingPage -->
  <system-out/>
</testsuite> <!-- tests.SignInTest -->
