<?xml version="1.0" encoding="UTF-8"?>
<!-- Generated by org.testng.reporters.JUnitReportReporter -->
<testsuite hostname="Anees" failures="0" tests="1" name="tests.BenefitsPageTest" time="6.004" errors="0" timestamp="2023-12-20T18:19:58 IST" skipped="0">
  <testcase classname="tests.BenefitsPageTest" name="Verify_Benefits_landingPage" time="6.004"/>
  <system-out/>
</testsuite> <!-- tests.BenefitsPageTest -->
